<?xml version="1.0" encoding="UTF-8"?>
<testsuite name="com.app.hotel_booking.services.HotelServiceTest" tests="1" skipped="0" failures="0" errors="0" timestamp="2026-05-21T12:14:13.751Z" hostname="Nikhils-MacBook-Pro.local" time="0.956">
  <properties/>
  <testcase name="listHotels()" classname="com.app.hotel_booking.services.HotelServiceTest" time="0.204"/>
  <system-out><![CDATA[2026-05-21T17:44:13.753+05:30  INFO 31806 --- [hotel-booking] [    Test worker] t.c.s.AnnotationConfigContextLoaderUtils : Could not detect default configuration classes for test class [com.app.hotel_booking.services.HotelServiceTest]: HotelServiceTest does not declare any static, non-private, non-final, nested classes annotated with @Configuration.
2026-05-21T17:44:13.786+05:30  INFO 31806 --- [hotel-booking] [    Test worker] .b.t.c.SpringBootTestContextBootstrapper : Found @SpringBootConfiguration com.app.hotel_booking.HotelBookingApplication for test class com.app.hotel_booking.services.HotelServiceTest
2026-05-21T17:44:13.788+05:30  INFO 31806 --- [hotel-booking] [    Test worker] t.c.s.AnnotationConfigContextLoaderUtils : Could not detect default configuration classes for test class [com.app.hotel_booking.services.HotelServiceTest]: HotelServiceTest does not declare any static, non-private, non-final, nested classes annotated with @Configuration.
2026-05-21T17:44:13.790+05:30  INFO 31806 --- [hotel-booking] [    Test worker] .b.t.c.SpringBootTestContextBootstrapper : Found @SpringBootConfiguration com.app.hotel_booking.HotelBookingApplication for test class com.app.hotel_booking.services.HotelServiceTest

  .   ____          _            __ _ _
 /\\ / ___'_ __ _ _(_)_ __  __ _ \ \ \ \
( ( )\___ | '_ | '_| | '_ \/ _` | \ \ \ \
 \\/  ___)| |_)| | | | | || (_| |  ) ) ) )
  '  |____| .__|_| |_|_| |_\__, | / / / /
 =========|_|==============|___/=/_/_/_/

 :: Spring Boot ::                (v4.0.6)

2026-05-21T17:44:13.849+05:30  INFO 31806 --- [hotel-booking] [    Test worker] c.a.h.services.HotelServiceTest          : Starting HotelServiceTest using Java 25.0.2 with PID 31806 (started by nikhilchodavarapu in /Users/nikhilchodavarapu/workspace/java-practice/hotel-booking)
2026-05-21T17:44:13.849+05:30  INFO 31806 --- [hotel-booking] [    Test worker] c.a.h.services.HotelServiceTest          : No active profile set, falling back to 1 default profile: "default"
2026-05-21T17:44:14.094+05:30  INFO 31806 --- [hotel-booking] [    Test worker] .s.d.r.c.RepositoryConfigurationDelegate : Bootstrapping Spring Data MongoDB repositories in DEFAULT mode.
2026-05-21T17:44:14.116+05:30  INFO 31806 --- [hotel-booking] [    Test worker] .s.d.r.c.RepositoryConfigurationDelegate : Finished Spring Data repository scanning in 17 ms. Found 2 MongoDB repository interfaces.
2026-05-21T17:44:14.189+05:30  INFO 31806 --- [hotel-booking] [    Test worker] org.mongodb.driver.client                : MongoClient with metadata {"driver": {"name": "mongo-java-driver|spring-boot|sync", "version": "5.6.5"}, "os": {"type": "Darwin", "name": "Mac OS X", "architecture": "x86_64", "version": "26.5"}, "platform": "Java/Homebrew/25.0.2"} created with settings MongoClientSettings{readPreference=primary, writeConcern=WriteConcern{w=null, wTimeout=null ms, journal=null}, retryWrites=true, retryReads=true, readConcern=ReadConcern{level=null}, credential=null, transportSettings=null, commandListeners=[], codecRegistry=ProvidersCodecRegistry{codecProviders=[ValueCodecProvider{}, BsonValueCodecProvider{}, DBRefCodecProvider{}, DBObjectCodecProvider{}, DocumentCodecProvider{}, CollectionCodecProvider{}, IterableCodecProvider{}, MapCodecProvider{}, GeoJsonCodecProvider{}, GridFSFileCodecProvider{}, Jsr310CodecProvider{}, JsonObjectCodecProvider{}, BsonCodecProvider{}, com.mongodb.client.model.mql.ExpressionCodecProvider@71ee2fff, com.mongodb.Jep395RecordCodecProvider@68f2363, com.mongodb.KotlinCodecProvider@37fca349, EnumCodecProvider{}]}, loggerSettings=LoggerSettings{maxDocumentLength=1000}, clusterSettings={hosts=[localhost:27017], srvServiceName=mongodb, mode=SINGLE, requiredClusterType=UNKNOWN, requiredReplicaSetName='null', serverSelector='null', clusterListeners='[]', serverSelectionTimeout='30000 ms', localThreshold='15 ms'}, socketSettings=SocketSettings{connectTimeoutMS=10000, readTimeoutMS=0, receiveBufferSize=0, proxySettings=ProxySettings{host=null, port=null, username=null, password=null}}, heartbeatSocketSettings=SocketSettings{connectTimeoutMS=10000, readTimeoutMS=10000, receiveBufferSize=0, proxySettings=ProxySettings{host=null, port=null, username=null, password=null}}, connectionPoolSettings=ConnectionPoolSettings{maxSize=100, minSize=0, maxWaitTimeMS=120000, maxConnectionLifeTimeMS=0, maxConnectionIdleTimeMS=0, maintenanceInitialDelayMS=0, maintenanceFrequencyMS=60000, connectionPoolListeners=[], maxConnecting=2}, serverSettings=ServerSettings{heartbeatFrequencyMS=10000, minHeartbeatFrequencyMS=500, serverMonitoringMode=AUTO, serverListeners='[]', serverMonitorListeners='[]'}, sslSettings=SslSettings{enabled=false, invalidHostNameAllowed=false, context=null}, applicationName='null', compressorList=[], uuidRepresentation=UNSPECIFIED, serverApi=null, autoEncryptionSettings=null, dnsClient=null, inetAddressResolver=null, contextProvider=null, timeoutMS=null}
2026-05-21T17:44:14.192+05:30  INFO 31806 --- [hotel-booking] [localhost:27017] org.mongodb.driver.cluster               : Monitor thread successfully connected to server with description ServerDescription{address=localhost:27017, type=STANDALONE, cryptd=false, state=CONNECTED, ok=true, minWireVersion=0, maxWireVersion=27, maxDocumentSize=16777216, logicalSessionTimeoutMinutes=30, roundTripTimeNanos=2276383, minRoundTripTimeNanos=0}
2026-05-21T17:44:14.384+05:30  INFO 31806 --- [hotel-booking] [    Test worker] r$InitializeUserDetailsManagerConfigurer : Global AuthenticationManager configured with UserDetailsService bean with name appUserDetailsService
2026-05-21T17:44:14.502+05:30  INFO 31806 --- [hotel-booking] [    Test worker] c.a.h.services.HotelServiceTest          : Started HotelServiceTest in 0.698 seconds (process running for 7.181)
]]></system-out>
  <system-err><![CDATA[]]></system-err>
</testsuite>
