<?xml version="1.0" encoding="UTF-8"?>
<testsuite name="com.app.hotel_booking.services.HotelServiceTest" tests="1" skipped="0" failures="0" errors="0" timestamp="2026-05-21T07:52:55.473Z" hostname="Nikhils-MacBook-Pro.local" time="3.82">
  <properties/>
  <testcase name="listHotels()" classname="com.app.hotel_booking.services.HotelServiceTest" time="1.233"/>
  <system-out><![CDATA[13:22:55.687 [Test worker] INFO org.springframework.test.context.support.AnnotationConfigContextLoaderUtils -- Could not detect default configuration classes for test class [com.app.hotel_booking.services.HotelServiceTest]: HotelServiceTest does not declare any static, non-private, non-final, nested classes annotated with @Configuration.
13:22:55.795 [Test worker] INFO org.springframework.boot.test.context.SpringBootTestContextBootstrapper -- Found @SpringBootConfiguration com.app.hotel_booking.HotelBookingApplication for test class com.app.hotel_booking.services.HotelServiceTest
13:22:55.880 [Test worker] INFO org.springframework.test.context.support.AnnotationConfigContextLoaderUtils -- Could not detect default configuration classes for test class [com.app.hotel_booking.services.HotelServiceTest]: HotelServiceTest does not declare any static, non-private, non-final, nested classes annotated with @Configuration.
13:22:55.882 [Test worker] INFO org.springframework.boot.test.context.SpringBootTestContextBootstrapper -- Found @SpringBootConfiguration com.app.hotel_booking.HotelBookingApplication for test class com.app.hotel_booking.services.HotelServiceTest

  .   ____          _            __ _ _
 /\\ / ___'_ __ _ _(_)_ __  __ _ \ \ \ \
( ( )\___ | '_ | '_| | '_ \/ _` | \ \ \ \
 \\/  ___)| |_)| | | | | || (_| |  ) ) ) )
  '  |____| .__|_| |_|_| |_\__, | / / / /
 =========|_|==============|___/=/_/_/_/

 :: Spring Boot ::                (v4.0.6)

2026-05-21T13:22:56.198+05:30  INFO 13599 --- [hotel-booking] [    Test worker] c.a.h.services.HotelServiceTest          : Starting HotelServiceTest using Java 25.0.2 with PID 13599 (started by nikhilchodavarapu in /Users/nikhilchodavarapu/workspace/java-practice/hotel-booking)
2026-05-21T13:22:56.199+05:30  INFO 13599 --- [hotel-booking] [    Test worker] c.a.h.services.HotelServiceTest          : No active profile set, falling back to 1 default profile: "default"
2026-05-21T13:22:56.742+05:30  INFO 13599 --- [hotel-booking] [    Test worker] .s.d.r.c.RepositoryConfigurationDelegate : Bootstrapping Spring Data MongoDB repositories in DEFAULT mode.
2026-05-21T13:22:56.790+05:30  INFO 13599 --- [hotel-booking] [    Test worker] .s.d.r.c.RepositoryConfigurationDelegate : Finished Spring Data repository scanning in 41 ms. Found 1 MongoDB repository interface.
2026-05-21T13:22:57.129+05:30  INFO 13599 --- [hotel-booking] [    Test worker] org.mongodb.driver.client                : MongoClient with metadata {"driver": {"name": "mongo-java-driver|spring-boot|sync", "version": "5.6.5"}, "os": {"type": "Darwin", "name": "Mac OS X", "architecture": "x86_64", "version": "26.5"}, "platform": "Java/Homebrew/25.0.2"} created with settings MongoClientSettings{readPreference=primary, writeConcern=WriteConcern{w=null, wTimeout=null ms, journal=null}, retryWrites=true, retryReads=true, readConcern=ReadConcern{level=null}, credential=null, transportSettings=null, commandListeners=[], codecRegistry=ProvidersCodecRegistry{codecProviders=[ValueCodecProvider{}, BsonValueCodecProvider{}, DBRefCodecProvider{}, DBObjectCodecProvider{}, DocumentCodecProvider{}, CollectionCodecProvider{}, IterableCodecProvider{}, MapCodecProvider{}, GeoJsonCodecProvider{}, GridFSFileCodecProvider{}, Jsr310CodecProvider{}, JsonObjectCodecProvider{}, BsonCodecProvider{}, com.mongodb.client.model.mql.ExpressionCodecProvider@62ea8931, com.mongodb.Jep395RecordCodecProvider@47fb7ec9, com.mongodb.KotlinCodecProvider@2f8c4fae, EnumCodecProvider{}]}, loggerSettings=LoggerSettings{maxDocumentLength=1000}, clusterSettings={hosts=[localhost:27017], srvServiceName=mongodb, mode=SINGLE, requiredClusterType=UNKNOWN, requiredReplicaSetName='null', serverSelector='null', clusterListeners='[]', serverSelectionTimeout='30000 ms', localThreshold='15 ms'}, socketSettings=SocketSettings{connectTimeoutMS=10000, readTimeoutMS=0, receiveBufferSize=0, proxySettings=ProxySettings{host=null, port=null, username=null, password=null}}, heartbeatSocketSettings=SocketSettings{connectTimeoutMS=10000, readTimeoutMS=10000, receiveBufferSize=0, proxySettings=ProxySettings{host=null, port=null, username=null, password=null}}, connectionPoolSettings=ConnectionPoolSettings{maxSize=100, minSize=0, maxWaitTimeMS=120000, maxConnectionLifeTimeMS=0, maxConnectionIdleTimeMS=0, maintenanceInitialDelayMS=0, maintenanceFrequencyMS=60000, connectionPoolListeners=[], maxConnecting=2}, serverSettings=ServerSettings{heartbeatFrequencyMS=10000, minHeartbeatFrequencyMS=500, serverMonitoringMode=AUTO, serverListeners='[]', serverMonitorListeners='[]'}, sslSettings=SslSettings{enabled=false, invalidHostNameAllowed=false, context=null}, applicationName='null', compressorList=[], uuidRepresentation=UNSPECIFIED, serverApi=null, autoEncryptionSettings=null, dnsClient=null, inetAddressResolver=null, contextProvider=null, timeoutMS=null}
2026-05-21T13:22:57.161+05:30  INFO 13599 --- [hotel-booking] [localhost:27017] org.mongodb.driver.cluster               : Monitor thread successfully connected to server with description ServerDescription{address=localhost:27017, type=STANDALONE, cryptd=false, state=CONNECTED, ok=true, minWireVersion=0, maxWireVersion=27, maxDocumentSize=16777216, logicalSessionTimeoutMinutes=30, roundTripTimeNanos=31567858, minRoundTripTimeNanos=0}
2026-05-21T13:22:58.045+05:30  INFO 13599 --- [hotel-booking] [    Test worker] c.a.h.services.HotelServiceTest          : Started HotelServiceTest in 2.085 seconds (process running for 3.338)
]]></system-out>
  <system-err><![CDATA[Mockito is currently self-attaching to enable the inline-mock-maker. This will no longer work in future releases of the JDK. Please add Mockito as an agent to your build as described in Mockito's documentation: https://javadoc.io/doc/org.mockito/mockito-core/latest/org.mockito/org/mockito/Mockito.html#0.3
WARNING: A Java agent has been loaded dynamically (/Users/nikhilchodavarapu/.gradle/caches/modules-2/files-2.1/net.bytebuddy/byte-buddy-agent/1.17.8/f09415827a71be7ed621c7bd02550678f28bc81c/byte-buddy-agent-1.17.8.jar)
WARNING: If a serviceability tool is in use, please run with -XX:+EnableDynamicAgentLoading to hide this warning
WARNING: If a serviceability tool is not in use, please run with -Djdk.instrument.traceUsage for more information
WARNING: Dynamic loading of agents will be disallowed by default in a future release
]]></system-err>
</testsuite>
